#-----------------------------------------------------------
# Vivado v2018.1_AR70908 (64-bit)
# SW Build 2188600 on Wed Apr  4 18:40:38 MDT 2018
# IP Build 2185939 on Wed Apr  4 20:55:05 MDT 2018
# Start of session at: Thu Apr 25 22:09:51 2019
# Process ID: 8428
# Current directory: C:/Users/Malwi/Dropbox/PROGR/fpga/Kalkulator/Kalkulator
# Command line: vivado.exe -gui_launcher_event rodinguilauncherevent12016 C:\Users\Malwi\Dropbox\PROGR\fpga\Kalkulator\Kalkulator\Kalkulator.xpr
# Log file: C:/Users/Malwi/Dropbox/PROGR/fpga/Kalkulator/Kalkulator/vivado.log
# Journal file: C:/Users/Malwi/Dropbox/PROGR/fpga/Kalkulator/Kalkulator\vivado.jou
#-----------------------------------------------------------
start_gui
open_project C:/Users/Malwi/Dropbox/PROGR/fpga/Kalkulator/Kalkulator/Kalkulator.xpr
Scanning sources...
Finished scanning sources
INFO: [IP_Flow 19-234] Refreshing IP repositories
INFO: [IP_Flow 19-1704] No user IP repositories specified
INFO: [IP_Flow 19-2313] Loaded Vivado IP repository 'C:/Xilinx/Vivado/2018.1/data/ip'.
open_project: Time (s): cpu = 00:00:19 ; elapsed = 00:00:10 . Memory (MB): peak = 832.203 ; gain = 121.309
update_compile_order -fileset sources_1
reset_run synth_1
launch_runs synth_1 -jobs 2
[Thu Apr 25 22:10:55 2019] Launched synth_1...
Run output will be captured here: C:/Users/Malwi/Dropbox/PROGR/fpga/Kalkulator/Kalkulator/Kalkulator.runs/synth_1/runme.log
reset_run synth_1
launch_runs synth_1 -jobs 2
[Thu Apr 25 22:50:31 2019] Launched synth_1...
Run output will be captured here: C:/Users/Malwi/Dropbox/PROGR/fpga/Kalkulator/Kalkulator/Kalkulator.runs/synth_1/runme.log
reset_run synth_1
launch_runs synth_1 -jobs 2
[Thu Apr 25 22:54:39 2019] Launched synth_1...
Run output will be captured here: C:/Users/Malwi/Dropbox/PROGR/fpga/Kalkulator/Kalkulator/Kalkulator.runs/synth_1/runme.log
reset_run synth_1
launch_runs synth_1 -jobs 2
[Thu Apr 25 22:56:30 2019] Launched synth_1...
Run output will be captured here: C:/Users/Malwi/Dropbox/PROGR/fpga/Kalkulator/Kalkulator/Kalkulator.runs/synth_1/runme.log
reset_run synth_1
launch_runs synth_1 -jobs 2
[Thu Apr 25 23:49:13 2019] Launched synth_1...
Run output will be captured here: C:/Users/Malwi/Dropbox/PROGR/fpga/Kalkulator/Kalkulator/Kalkulator.runs/synth_1/runme.log
reset_run synth_1
launch_runs synth_1 -jobs 2
[Fri Apr 26 00:00:47 2019] Launched synth_1...
Run output will be captured here: C:/Users/Malwi/Dropbox/PROGR/fpga/Kalkulator/Kalkulator/Kalkulator.runs/synth_1/runme.log
reset_run synth_1
launch_runs synth_1 -jobs 2
[Fri Apr 26 00:03:25 2019] Launched synth_1...
Run output will be captured here: C:/Users/Malwi/Dropbox/PROGR/fpga/Kalkulator/Kalkulator/Kalkulator.runs/synth_1/runme.log
reset_run synth_1
launch_runs synth_1 -jobs 2
[Fri Apr 26 00:04:55 2019] Launched synth_1...
Run output will be captured here: C:/Users/Malwi/Dropbox/PROGR/fpga/Kalkulator/Kalkulator/Kalkulator.runs/synth_1/runme.log
reset_run synth_1
ERROR: [Project 1-202] Error writing the XML file 'C:/Users/Malwi/Dropbox/PROGR/fpga/Kalkulator/Kalkulator/Kalkulator.xpr'
launch_runs synth_1 -jobs 2
[Fri Apr 26 00:08:36 2019] Launched synth_1...
Run output will be captured here: C:/Users/Malwi/Dropbox/PROGR/fpga/Kalkulator/Kalkulator/Kalkulator.runs/synth_1/runme.log
reset_run synth_1
launch_runs synth_1 -jobs 2
[Fri Apr 26 00:23:16 2019] Launched synth_1...
Run output will be captured here: C:/Users/Malwi/Dropbox/PROGR/fpga/Kalkulator/Kalkulator/Kalkulator.runs/synth_1/runme.log
reset_run synth_1
launch_runs synth_1 -jobs 2
[Fri Apr 26 00:32:01 2019] Launched synth_1...
Run output will be captured here: C:/Users/Malwi/Dropbox/PROGR/fpga/Kalkulator/Kalkulator/Kalkulator.runs/synth_1/runme.log
reset_run synth_1
launch_runs synth_1 -jobs 2
[Fri Apr 26 00:33:39 2019] Launched synth_1...
Run output will be captured here: C:/Users/Malwi/Dropbox/PROGR/fpga/Kalkulator/Kalkulator/Kalkulator.runs/synth_1/runme.log
reset_run synth_1
launch_runs synth_1 -jobs 2
[Fri Apr 26 00:35:04 2019] Launched synth_1...
Run output will be captured here: C:/Users/Malwi/Dropbox/PROGR/fpga/Kalkulator/Kalkulator/Kalkulator.runs/synth_1/runme.log
reset_run synth_1
launch_runs synth_1 -jobs 2
[Fri Apr 26 00:36:34 2019] Launched synth_1...
Run output will be captured here: C:/Users/Malwi/Dropbox/PROGR/fpga/Kalkulator/Kalkulator/Kalkulator.runs/synth_1/runme.log
launch_runs impl_1 -jobs 2
[Fri Apr 26 00:38:15 2019] Launched impl_1...
Run output will be captured here: C:/Users/Malwi/Dropbox/PROGR/fpga/Kalkulator/Kalkulator/Kalkulator.runs/impl_1/runme.log
reset_run synth_1
launch_runs impl_1 -jobs 2
[Fri Apr 26 00:41:17 2019] Launched synth_1...
Run output will be captured here: C:/Users/Malwi/Dropbox/PROGR/fpga/Kalkulator/Kalkulator/Kalkulator.runs/synth_1/runme.log
[Fri Apr 26 00:41:17 2019] Launched impl_1...
Run output will be captured here: C:/Users/Malwi/Dropbox/PROGR/fpga/Kalkulator/Kalkulator/Kalkulator.runs/impl_1/runme.log
launch_runs impl_1 -to_step write_bitstream -jobs 2
[Fri Apr 26 00:44:34 2019] Launched impl_1...
Run output will be captured here: C:/Users/Malwi/Dropbox/PROGR/fpga/Kalkulator/Kalkulator/Kalkulator.runs/impl_1/runme.log
open_hw
connect_hw_server
INFO: [Labtools 27-2285] Connecting to hw_server url TCP:localhost:3121
INFO: [Labtools 27-2222] Launching hw_server...
INFO: [Labtools 27-2221] Launch Output:

****** Xilinx hw_server v2018.1
  **** Build date : Apr  4 2018-19:32:53
    ** Copyright 1986-2018 Xilinx, Inc. All Rights Reserved.


connect_hw_server: Time (s): cpu = 00:00:01 ; elapsed = 00:00:10 . Memory (MB): peak = 890.254 ; gain = 1.289
open_hw_target
INFO: [Labtoolstcl 44-466] Opening hw_target localhost:3121/xilinx_tcf/Digilent/210279A42D03A
open_hw_target: Time (s): cpu = 00:00:03 ; elapsed = 00:00:15 . Memory (MB): peak = 1531.270 ; gain = 641.016
set_property PROGRAM.FILE {C:/Users/Malwi/Dropbox/PROGR/fpga/Kalkulator/Kalkulator/Kalkulator.runs/impl_1/kalkulator.bit} [get_hw_devices xc7z010_1]
current_hw_device [get_hw_devices xc7z010_1]
refresh_hw_device -update_hw_probes false [lindex [get_hw_devices xc7z010_1] 0]
INFO: [Labtools 27-1434] Device xc7z010 (JTAG device index = 1) is programmed with a design that has no supported debug core(s) in it.
WARNING: [Labtools 27-3361] The debug hub core was not detected.
Resolution: 
1. Make sure the clock connected to the debug hub (dbg_hub) core is a free running clock and is active.
2. Make sure the BSCAN_SWITCH_USER_MASK device property in Vivado Hardware Manager reflects the user scan chain setting in the design and refresh the device.  To determine the user scan chain setting in the design, open the implemented design and use 'get_property C_USER_SCAN_CHAIN [get_debug_cores dbg_hub]'.
For more details on setting the scan chain property, consult the Vivado Debug and Programming User Guide (UG908).
set_property PROBES.FILE {} [get_hw_devices xc7z010_1]
set_property FULL_PROBES.FILE {} [get_hw_devices xc7z010_1]
set_property PROGRAM.FILE {C:/Users/Malwi/Dropbox/PROGR/fpga/Kalkulator/Kalkulator/Kalkulator.runs/impl_1/kalkulator.bit} [get_hw_devices xc7z010_1]
program_hw_devices [get_hw_devices xc7z010_1]
INFO: [Labtools 27-3164] End of startup status: HIGH
refresh_hw_device [lindex [get_hw_devices xc7z010_1] 0]
INFO: [Labtools 27-1434] Device xc7z010 (JTAG device index = 1) is programmed with a design that has no supported debug core(s) in it.
WARNING: [Labtools 27-3361] The debug hub core was not detected.
Resolution: 
1. Make sure the clock connected to the debug hub (dbg_hub) core is a free running clock and is active.
2. Make sure the BSCAN_SWITCH_USER_MASK device property in Vivado Hardware Manager reflects the user scan chain setting in the design and refresh the device.  To determine the user scan chain setting in the design, open the implemented design and use 'get_property C_USER_SCAN_CHAIN [get_debug_cores dbg_hub]'.
For more details on setting the scan chain property, consult the Vivado Debug and Programming User Guide (UG908).
ERROR: [Labtoolstcl 44-513] HW Target shutdown. Closing target: localhost:3121/xilinx_tcf/Digilent/210279A42D03A
disconnect_hw_server localhost:3121
connect_hw_server
INFO: [Labtools 27-2285] Connecting to hw_server url TCP:localhost:3121
open_hw_target
INFO: [Labtoolstcl 44-466] Opening hw_target localhost:3121/xilinx_tcf/Digilent/210279A42D03A
set_property PROGRAM.FILE {C:/Users/Malwi/Dropbox/PROGR/fpga/Kalkulator/Kalkulator/Kalkulator.runs/impl_1/kalkulator.bit} [get_hw_devices xc7z010_1]
current_hw_device [get_hw_devices xc7z010_1]
refresh_hw_device -update_hw_probes false [lindex [get_hw_devices xc7z010_1] 0]
INFO: [Labtools 27-1434] Device xc7z010 (JTAG device index = 1) is programmed with a design that has no supported debug core(s) in it.
WARNING: [Labtools 27-3361] The debug hub core was not detected.
Resolution: 
1. Make sure the clock connected to the debug hub (dbg_hub) core is a free running clock and is active.
2. Make sure the BSCAN_SWITCH_USER_MASK device property in Vivado Hardware Manager reflects the user scan chain setting in the design and refresh the device.  To determine the user scan chain setting in the design, open the implemented design and use 'get_property C_USER_SCAN_CHAIN [get_debug_cores dbg_hub]'.
For more details on setting the scan chain property, consult the Vivado Debug and Programming User Guide (UG908).
set_property PROBES.FILE {} [get_hw_devices xc7z010_1]
set_property FULL_PROBES.FILE {} [get_hw_devices xc7z010_1]
set_property PROGRAM.FILE {C:/Users/Malwi/Dropbox/PROGR/fpga/Kalkulator/Kalkulator/Kalkulator.runs/impl_1/kalkulator.bit} [get_hw_devices xc7z010_1]
program_hw_devices [get_hw_devices xc7z010_1]
INFO: [Labtools 27-3164] End of startup status: HIGH
refresh_hw_device [lindex [get_hw_devices xc7z010_1] 0]
INFO: [Labtools 27-1434] Device xc7z010 (JTAG device index = 1) is programmed with a design that has no supported debug core(s) in it.
WARNING: [Labtools 27-3361] The debug hub core was not detected.
Resolution: 
1. Make sure the clock connected to the debug hub (dbg_hub) core is a free running clock and is active.
2. Make sure the BSCAN_SWITCH_USER_MASK device property in Vivado Hardware Manager reflects the user scan chain setting in the design and refresh the device.  To determine the user scan chain setting in the design, open the implemented design and use 'get_property C_USER_SCAN_CHAIN [get_debug_cores dbg_hub]'.
For more details on setting the scan chain property, consult the Vivado Debug and Programming User Guide (UG908).
ERROR: [Labtoolstcl 44-513] HW Target shutdown. Closing target: localhost:3121/xilinx_tcf/Digilent/210279A42D03A
INFO: [Labtoolstcl 44-466] Opening hw_target localhost:3121/xilinx_tcf/Digilent/210279A42D03A
WARNING: [Labtoolstcl 44-129] No matching hw_ila_data was found.
INFO: [Labtools 27-1434] Device xc7z010 (JTAG device index = 1) is programmed with a design that has no supported debug core(s) in it.
WARNING: [Labtools 27-3361] The debug hub core was not detected.
Resolution: 
1. Make sure the clock connected to the debug hub (dbg_hub) core is a free running clock and is active.
2. Make sure the BSCAN_SWITCH_USER_MASK device property in Vivado Hardware Manager reflects the user scan chain setting in the design and refresh the device.  To determine the user scan chain setting in the design, open the implemented design and use 'get_property C_USER_SCAN_CHAIN [get_debug_cores dbg_hub]'.
For more details on setting the scan chain property, consult the Vivado Debug and Programming User Guide (UG908).
WARNING: [Labtoolstcl 44-129] No matching hw_ila_data was found.
ERROR: [Labtoolstcl 44-513] HW Target shutdown. Closing target: localhost:3121/xilinx_tcf/Digilent/210279A42D03A
disconnect_hw_server localhost:3121
connect_hw_server
INFO: [Labtools 27-2285] Connecting to hw_server url TCP:localhost:3121
open_hw_target
INFO: [Labtoolstcl 44-466] Opening hw_target localhost:3121/xilinx_tcf/Digilent/210279A42D03A
set_property PROGRAM.FILE {C:/Users/Malwi/Dropbox/PROGR/fpga/Kalkulator/Kalkulator/Kalkulator.runs/impl_1/kalkulator.bit} [get_hw_devices xc7z010_1]
current_hw_device [get_hw_devices xc7z010_1]
refresh_hw_device -update_hw_probes false [lindex [get_hw_devices xc7z010_1] 0]
INFO: [Labtools 27-1434] Device xc7z010 (JTAG device index = 1) is programmed with a design that has no supported debug core(s) in it.
WARNING: [Labtools 27-3361] The debug hub core was not detected.
Resolution: 
1. Make sure the clock connected to the debug hub (dbg_hub) core is a free running clock and is active.
2. Make sure the BSCAN_SWITCH_USER_MASK device property in Vivado Hardware Manager reflects the user scan chain setting in the design and refresh the device.  To determine the user scan chain setting in the design, open the implemented design and use 'get_property C_USER_SCAN_CHAIN [get_debug_cores dbg_hub]'.
For more details on setting the scan chain property, consult the Vivado Debug and Programming User Guide (UG908).
set_property PROBES.FILE {} [get_hw_devices xc7z010_1]
set_property FULL_PROBES.FILE {} [get_hw_devices xc7z010_1]
set_property PROGRAM.FILE {C:/Users/Malwi/Dropbox/PROGR/fpga/Kalkulator/Kalkulator/Kalkulator.runs/impl_1/kalkulator.bit} [get_hw_devices xc7z010_1]
program_hw_devices [get_hw_devices xc7z010_1]
INFO: [Labtools 27-3164] End of startup status: HIGH
refresh_hw_device [lindex [get_hw_devices xc7z010_1] 0]
INFO: [Labtools 27-1434] Device xc7z010 (JTAG device index = 1) is programmed with a design that has no supported debug core(s) in it.
WARNING: [Labtools 27-3361] The debug hub core was not detected.
Resolution: 
1. Make sure the clock connected to the debug hub (dbg_hub) core is a free running clock and is active.
2. Make sure the BSCAN_SWITCH_USER_MASK device property in Vivado Hardware Manager reflects the user scan chain setting in the design and refresh the device.  To determine the user scan chain setting in the design, open the implemented design and use 'get_property C_USER_SCAN_CHAIN [get_debug_cores dbg_hub]'.
For more details on setting the scan chain property, consult the Vivado Debug and Programming User Guide (UG908).
ERROR: [Labtoolstcl 44-513] HW Target shutdown. Closing target: localhost:3121/xilinx_tcf/Digilent/210279A42D03A
close_hw
reset_run synth_1
WARNING: [Vivado 12-1017] Problems encountered:
1. Failed to delete one or more files in run directory C:/Users/Malwi/Dropbox/PROGR/fpga/Kalkulator/Kalkulator/Kalkulator.runs/synth_1

launch_runs impl_1 -to_step write_bitstream -jobs 2
[Fri Apr 26 00:57:36 2019] Launched synth_1...
Run output will be captured here: C:/Users/Malwi/Dropbox/PROGR/fpga/Kalkulator/Kalkulator/Kalkulator.runs/synth_1/runme.log
[Fri Apr 26 00:57:36 2019] Launched impl_1...
Run output will be captured here: C:/Users/Malwi/Dropbox/PROGR/fpga/Kalkulator/Kalkulator/Kalkulator.runs/impl_1/runme.log
open_hw
connect_hw_server
INFO: [Labtools 27-2285] Connecting to hw_server url TCP:localhost:3121
INFO: [Labtools 27-2222] Launching hw_server...
INFO: [Labtools 27-2221] Launch Output:

****** Xilinx hw_server v2018.1
  **** Build date : Apr  4 2018-19:32:53
    ** Copyright 1986-2018 Xilinx, Inc. All Rights Reserved.


connect_hw_server: Time (s): cpu = 00:00:00 ; elapsed = 00:00:08 . Memory (MB): peak = 1608.383 ; gain = 0.000
open_hw_target
INFO: [Labtoolstcl 44-466] Opening hw_target localhost:3121/xilinx_tcf/Digilent/210279A42D03A
set_property PROGRAM.FILE {C:/Users/Malwi/Dropbox/PROGR/fpga/Kalkulator/Kalkulator/Kalkulator.runs/impl_1/kalkulator.bit} [get_hw_devices xc7z010_1]
current_hw_device [get_hw_devices xc7z010_1]
refresh_hw_device -update_hw_probes false [lindex [get_hw_devices xc7z010_1] 0]
INFO: [Labtools 27-1434] Device xc7z010 (JTAG device index = 1) is programmed with a design that has no supported debug core(s) in it.
WARNING: [Labtools 27-3361] The debug hub core was not detected.
Resolution: 
1. Make sure the clock connected to the debug hub (dbg_hub) core is a free running clock and is active.
2. Make sure the BSCAN_SWITCH_USER_MASK device property in Vivado Hardware Manager reflects the user scan chain setting in the design and refresh the device.  To determine the user scan chain setting in the design, open the implemented design and use 'get_property C_USER_SCAN_CHAIN [get_debug_cores dbg_hub]'.
For more details on setting the scan chain property, consult the Vivado Debug and Programming User Guide (UG908).
set_property PROBES.FILE {} [get_hw_devices xc7z010_1]
set_property FULL_PROBES.FILE {} [get_hw_devices xc7z010_1]
set_property PROGRAM.FILE {C:/Users/Malwi/Dropbox/PROGR/fpga/Kalkulator/Kalkulator/Kalkulator.runs/impl_1/kalkulator.bit} [get_hw_devices xc7z010_1]
program_hw_devices [get_hw_devices xc7z010_1]
INFO: [Labtools 27-3164] End of startup status: HIGH
refresh_hw_device [lindex [get_hw_devices xc7z010_1] 0]
INFO: [Labtools 27-1434] Device xc7z010 (JTAG device index = 1) is programmed with a design that has no supported debug core(s) in it.
WARNING: [Labtools 27-3361] The debug hub core was not detected.
Resolution: 
1. Make sure the clock connected to the debug hub (dbg_hub) core is a free running clock and is active.
2. Make sure the BSCAN_SWITCH_USER_MASK device property in Vivado Hardware Manager reflects the user scan chain setting in the design and refresh the device.  To determine the user scan chain setting in the design, open the implemented design and use 'get_property C_USER_SCAN_CHAIN [get_debug_cores dbg_hub]'.
For more details on setting the scan chain property, consult the Vivado Debug and Programming User Guide (UG908).
ERROR: [Labtoolstcl 44-513] HW Target shutdown. Closing target: localhost:3121/xilinx_tcf/Digilent/210279A42D03A
close_hw
reset_run synth_1
WARNING: [Vivado 12-1017] Problems encountered:
1. Failed to delete one or more files in run directory C:/Users/Malwi/Dropbox/PROGR/fpga/Kalkulator/Kalkulator/Kalkulator.runs/synth_1

launch_runs impl_1 -to_step write_bitstream -jobs 2
[Fri Apr 26 01:09:17 2019] Launched synth_1...
Run output will be captured here: C:/Users/Malwi/Dropbox/PROGR/fpga/Kalkulator/Kalkulator/Kalkulator.runs/synth_1/runme.log
[Fri Apr 26 01:09:18 2019] Launched impl_1...
Run output will be captured here: C:/Users/Malwi/Dropbox/PROGR/fpga/Kalkulator/Kalkulator/Kalkulator.runs/impl_1/runme.log
reset_run synth_1
WARNING: [Vivado 12-1017] Problems encountered:
1. Failed to delete one or more files in run directory C:/Users/Malwi/Dropbox/PROGR/fpga/Kalkulator/Kalkulator/Kalkulator.runs/synth_1

launch_runs impl_1 -to_step write_bitstream -jobs 2
[Fri Apr 26 01:14:23 2019] Launched synth_1...
Run output will be captured here: C:/Users/Malwi/Dropbox/PROGR/fpga/Kalkulator/Kalkulator/Kalkulator.runs/synth_1/runme.log
[Fri Apr 26 01:14:23 2019] Launched impl_1...
Run output will be captured here: C:/Users/Malwi/Dropbox/PROGR/fpga/Kalkulator/Kalkulator/Kalkulator.runs/impl_1/runme.log
open_hw
connect_hw_server
INFO: [Labtools 27-2285] Connecting to hw_server url TCP:localhost:3121
INFO: [Labtools 27-2222] Launching hw_server...
INFO: [Labtools 27-2221] Launch Output:

****** Xilinx hw_server v2018.1
  **** Build date : Apr  4 2018-19:32:53
    ** Copyright 1986-2018 Xilinx, Inc. All Rights Reserved.


connect_hw_server: Time (s): cpu = 00:00:01 ; elapsed = 00:00:08 . Memory (MB): peak = 1632.594 ; gain = 0.000
open_hw_target
INFO: [Labtoolstcl 44-466] Opening hw_target localhost:3121/xilinx_tcf/Digilent/210279A42D03A
set_property PROGRAM.FILE {C:/Users/Malwi/Dropbox/PROGR/fpga/Kalkulator/Kalkulator/Kalkulator.runs/impl_1/kalkulator.bit} [get_hw_devices xc7z010_1]
current_hw_device [get_hw_devices xc7z010_1]
refresh_hw_device -update_hw_probes false [lindex [get_hw_devices xc7z010_1] 0]
INFO: [Labtools 27-1434] Device xc7z010 (JTAG device index = 1) is programmed with a design that has no supported debug core(s) in it.
WARNING: [Labtools 27-3361] The debug hub core was not detected.
Resolution: 
1. Make sure the clock connected to the debug hub (dbg_hub) core is a free running clock and is active.
2. Make sure the BSCAN_SWITCH_USER_MASK device property in Vivado Hardware Manager reflects the user scan chain setting in the design and refresh the device.  To determine the user scan chain setting in the design, open the implemented design and use 'get_property C_USER_SCAN_CHAIN [get_debug_cores dbg_hub]'.
For more details on setting the scan chain property, consult the Vivado Debug and Programming User Guide (UG908).
set_property PROBES.FILE {} [get_hw_devices xc7z010_1]
set_property FULL_PROBES.FILE {} [get_hw_devices xc7z010_1]
set_property PROGRAM.FILE {C:/Users/Malwi/Dropbox/PROGR/fpga/Kalkulator/Kalkulator/Kalkulator.runs/impl_1/kalkulator.bit} [get_hw_devices xc7z010_1]
program_hw_devices [get_hw_devices xc7z010_1]
INFO: [Labtools 27-3164] End of startup status: HIGH
refresh_hw_device [lindex [get_hw_devices xc7z010_1] 0]
INFO: [Labtools 27-1434] Device xc7z010 (JTAG device index = 1) is programmed with a design that has no supported debug core(s) in it.
WARNING: [Labtools 27-3361] The debug hub core was not detected.
Resolution: 
1. Make sure the clock connected to the debug hub (dbg_hub) core is a free running clock and is active.
2. Make sure the BSCAN_SWITCH_USER_MASK device property in Vivado Hardware Manager reflects the user scan chain setting in the design and refresh the device.  To determine the user scan chain setting in the design, open the implemented design and use 'get_property C_USER_SCAN_CHAIN [get_debug_cores dbg_hub]'.
For more details on setting the scan chain property, consult the Vivado Debug and Programming User Guide (UG908).
set_property PROBES.FILE {} [get_hw_devices xc7z010_1]
set_property FULL_PROBES.FILE {} [get_hw_devices xc7z010_1]
set_property PROGRAM.FILE {C:/Users/Malwi/Dropbox/PROGR/fpga/Kalkulator/Kalkulator/Kalkulator.runs/impl_1/kalkulator.bit} [get_hw_devices xc7z010_1]
program_hw_devices [get_hw_devices xc7z010_1]
INFO: [Labtools 27-3164] End of startup status: HIGH
refresh_hw_device [lindex [get_hw_devices xc7z010_1] 0]
INFO: [Labtools 27-1434] Device xc7z010 (JTAG device index = 1) is programmed with a design that has no supported debug core(s) in it.
WARNING: [Labtools 27-3361] The debug hub core was not detected.
Resolution: 
1. Make sure the clock connected to the debug hub (dbg_hub) core is a free running clock and is active.
2. Make sure the BSCAN_SWITCH_USER_MASK device property in Vivado Hardware Manager reflects the user scan chain setting in the design and refresh the device.  To determine the user scan chain setting in the design, open the implemented design and use 'get_property C_USER_SCAN_CHAIN [get_debug_cores dbg_hub]'.
For more details on setting the scan chain property, consult the Vivado Debug and Programming User Guide (UG908).
ERROR: [Labtoolstcl 44-513] HW Target shutdown. Closing target: localhost:3121/xilinx_tcf/Digilent/210279A42D03A
INFO: [Labtoolstcl 44-466] Opening hw_target localhost:3121/xilinx_tcf/Digilent/210279A42D03A
WARNING: [Labtoolstcl 44-129] No matching hw_ila_data was found.
INFO: [Labtools 27-1434] Device xc7z010 (JTAG device index = 1) is programmed with a design that has no supported debug core(s) in it.
WARNING: [Labtools 27-3361] The debug hub core was not detected.
Resolution: 
1. Make sure the clock connected to the debug hub (dbg_hub) core is a free running clock and is active.
2. Make sure the BSCAN_SWITCH_USER_MASK device property in Vivado Hardware Manager reflects the user scan chain setting in the design and refresh the device.  To determine the user scan chain setting in the design, open the implemented design and use 'get_property C_USER_SCAN_CHAIN [get_debug_cores dbg_hub]'.
For more details on setting the scan chain property, consult the Vivado Debug and Programming User Guide (UG908).
WARNING: [Labtoolstcl 44-129] No matching hw_ila_data was found.
set_property PROBES.FILE {} [get_hw_devices xc7z010_1]
set_property FULL_PROBES.FILE {} [get_hw_devices xc7z010_1]
set_property PROGRAM.FILE {C:/Users/Malwi/Dropbox/PROGR/fpga/Kalkulator/Kalkulator/Kalkulator.runs/impl_1/kalkulator.bit} [get_hw_devices xc7z010_1]
program_hw_devices [get_hw_devices xc7z010_1]
INFO: [Labtools 27-3164] End of startup status: HIGH
refresh_hw_device [lindex [get_hw_devices xc7z010_1] 0]
INFO: [Labtools 27-1434] Device xc7z010 (JTAG device index = 1) is programmed with a design that has no supported debug core(s) in it.
WARNING: [Labtools 27-3361] The debug hub core was not detected.
Resolution: 
1. Make sure the clock connected to the debug hub (dbg_hub) core is a free running clock and is active.
2. Make sure the BSCAN_SWITCH_USER_MASK device property in Vivado Hardware Manager reflects the user scan chain setting in the design and refresh the device.  To determine the user scan chain setting in the design, open the implemented design and use 'get_property C_USER_SCAN_CHAIN [get_debug_cores dbg_hub]'.
For more details on setting the scan chain property, consult the Vivado Debug and Programming User Guide (UG908).
close_hw
reset_run synth_1
WARNING: [Vivado 12-1017] Problems encountered:
1. Failed to delete one or more files in run directory C:/Users/Malwi/Dropbox/PROGR/fpga/Kalkulator/Kalkulator/Kalkulator.runs/synth_1

launch_runs impl_1 -to_step write_bitstream -jobs 2
[Fri Apr 26 01:26:22 2019] Launched synth_1...
Run output will be captured here: C:/Users/Malwi/Dropbox/PROGR/fpga/Kalkulator/Kalkulator/Kalkulator.runs/synth_1/runme.log
[Fri Apr 26 01:26:22 2019] Launched impl_1...
Run output will be captured here: C:/Users/Malwi/Dropbox/PROGR/fpga/Kalkulator/Kalkulator/Kalkulator.runs/impl_1/runme.log
reset_run synth_1
WARNING: [Vivado 12-1017] Problems encountered:
1. Failed to delete one or more files in run directory C:/Users/Malwi/Dropbox/PROGR/fpga/Kalkulator/Kalkulator/Kalkulator.runs/synth_1

launch_runs impl_1 -to_step write_bitstream -jobs 2
[Fri Apr 26 01:32:39 2019] Launched synth_1...
Run output will be captured here: C:/Users/Malwi/Dropbox/PROGR/fpga/Kalkulator/Kalkulator/Kalkulator.runs/synth_1/runme.log
[Fri Apr 26 01:32:39 2019] Launched impl_1...
Run output will be captured here: C:/Users/Malwi/Dropbox/PROGR/fpga/Kalkulator/Kalkulator/Kalkulator.runs/impl_1/runme.log
reset_run synth_1
WARNING: [Vivado 12-1017] Problems encountered:
1. Failed to delete one or more files in run directory C:/Users/Malwi/Dropbox/PROGR/fpga/Kalkulator/Kalkulator/Kalkulator.runs/synth_1

launch_runs impl_1 -to_step write_bitstream -jobs 2
[Fri Apr 26 01:33:02 2019] Launched synth_1...
Run output will be captured here: C:/Users/Malwi/Dropbox/PROGR/fpga/Kalkulator/Kalkulator/Kalkulator.runs/synth_1/runme.log
[Fri Apr 26 01:33:02 2019] Launched impl_1...
Run output will be captured here: C:/Users/Malwi/Dropbox/PROGR/fpga/Kalkulator/Kalkulator/Kalkulator.runs/impl_1/runme.log
open_hw
connect_hw_server
INFO: [Labtools 27-2285] Connecting to hw_server url TCP:localhost:3121
INFO: [Labtools 27-2222] Launching hw_server...
INFO: [Labtools 27-2221] Launch Output:

****** Xilinx hw_server v2018.1
  **** Build date : Apr  4 2018-19:32:53
    ** Copyright 1986-2018 Xilinx, Inc. All Rights Reserved.


connect_hw_server: Time (s): cpu = 00:00:00 ; elapsed = 00:00:07 . Memory (MB): peak = 1741.309 ; gain = 0.000
open_hw_target
INFO: [Labtoolstcl 44-466] Opening hw_target localhost:3121/xilinx_tcf/Digilent/210279A42D03A
set_property PROGRAM.FILE {C:/Users/Malwi/Dropbox/PROGR/fpga/Kalkulator/Kalkulator/Kalkulator.runs/impl_1/kalkulator.bit} [get_hw_devices xc7z010_1]
current_hw_device [get_hw_devices xc7z010_1]
refresh_hw_device -update_hw_probes false [lindex [get_hw_devices xc7z010_1] 0]
INFO: [Labtools 27-1434] Device xc7z010 (JTAG device index = 1) is programmed with a design that has no supported debug core(s) in it.
WARNING: [Labtools 27-3361] The debug hub core was not detected.
Resolution: 
1. Make sure the clock connected to the debug hub (dbg_hub) core is a free running clock and is active.
2. Make sure the BSCAN_SWITCH_USER_MASK device property in Vivado Hardware Manager reflects the user scan chain setting in the design and refresh the device.  To determine the user scan chain setting in the design, open the implemented design and use 'get_property C_USER_SCAN_CHAIN [get_debug_cores dbg_hub]'.
For more details on setting the scan chain property, consult the Vivado Debug and Programming User Guide (UG908).
set_property PROBES.FILE {} [get_hw_devices xc7z010_1]
set_property FULL_PROBES.FILE {} [get_hw_devices xc7z010_1]
set_property PROGRAM.FILE {C:/Users/Malwi/Dropbox/PROGR/fpga/Kalkulator/Kalkulator/Kalkulator.runs/impl_1/kalkulator.bit} [get_hw_devices xc7z010_1]
program_hw_devices [get_hw_devices xc7z010_1]
INFO: [Labtools 27-3164] End of startup status: HIGH
refresh_hw_device [lindex [get_hw_devices xc7z010_1] 0]
INFO: [Labtools 27-1434] Device xc7z010 (JTAG device index = 1) is programmed with a design that has no supported debug core(s) in it.
WARNING: [Labtools 27-3361] The debug hub core was not detected.
Resolution: 
1. Make sure the clock connected to the debug hub (dbg_hub) core is a free running clock and is active.
2. Make sure the BSCAN_SWITCH_USER_MASK device property in Vivado Hardware Manager reflects the user scan chain setting in the design and refresh the device.  To determine the user scan chain setting in the design, open the implemented design and use 'get_property C_USER_SCAN_CHAIN [get_debug_cores dbg_hub]'.
For more details on setting the scan chain property, consult the Vivado Debug and Programming User Guide (UG908).
reset_run impl_1 -prev_step 
launch_runs impl_1 -to_step write_bitstream -jobs 2
[Fri Apr 26 01:39:03 2019] Launched impl_1...
Run output will be captured here: C:/Users/Malwi/Dropbox/PROGR/fpga/Kalkulator/Kalkulator/Kalkulator.runs/impl_1/runme.log
reset_run impl_1 -prev_step 
WARNING: [Vivado 12-1017] Problems encountered:
1. PID not specified

reset_run synth_1
WARNING: [Vivado 12-1017] Problems encountered:
1. Failed to delete one or more files in run directory C:/Users/Malwi/Dropbox/PROGR/fpga/Kalkulator/Kalkulator/Kalkulator.runs/synth_1

launch_runs impl_1 -to_step write_bitstream -jobs 2
[Fri Apr 26 01:39:19 2019] Launched synth_1...
Run output will be captured here: C:/Users/Malwi/Dropbox/PROGR/fpga/Kalkulator/Kalkulator/Kalkulator.runs/synth_1/runme.log
[Fri Apr 26 01:39:19 2019] Launched impl_1...
Run output will be captured here: C:/Users/Malwi/Dropbox/PROGR/fpga/Kalkulator/Kalkulator/Kalkulator.runs/impl_1/runme.log
reset_run impl_1 -prev_step 
launch_runs impl_1 -jobs 2
[Fri Apr 26 01:41:12 2019] Launched impl_1...
Run output will be captured here: C:/Users/Malwi/Dropbox/PROGR/fpga/Kalkulator/Kalkulator/Kalkulator.runs/impl_1/runme.log
reset_run impl_1
launch_runs impl_1 -jobs 2
[Fri Apr 26 01:41:29 2019] Launched impl_1...
Run output will be captured here: C:/Users/Malwi/Dropbox/PROGR/fpga/Kalkulator/Kalkulator/Kalkulator.runs/impl_1/runme.log
open_run impl_1
INFO: [Common 17-41] Interrupt caught. Command should exit soon.
INFO: [Netlist 29-17] Analyzing 21 Unisim elements for replacement
INFO: [Netlist 29-28] Unisim Transformation completed in 0 CPU seconds
INFO: [Project 1-479] Netlist was created with Vivado 2018.1_AR70908
open_run: Time (s): cpu = 00:00:14 ; elapsed = 00:00:20 . Memory (MB): peak = 1830.660 ; gain = 68.977
INFO: [Common 17-344] 'open_run' was cancelled
launch_runs impl_1 -to_step write_bitstream -jobs 2
[Fri Apr 26 01:43:57 2019] Launched impl_1...
Run output will be captured here: C:/Users/Malwi/Dropbox/PROGR/fpga/Kalkulator/Kalkulator/Kalkulator.runs/impl_1/runme.log
launch_runs impl_1 -to_step write_bitstream -jobs 2
ERROR: [Common 17-69] Command failed:  Run'impl_1' is already running and cannot be relaunched.
set_property PROBES.FILE {} [get_hw_devices xc7z010_1]
set_property FULL_PROBES.FILE {} [get_hw_devices xc7z010_1]
set_property PROGRAM.FILE {C:/Users/Malwi/Dropbox/PROGR/fpga/Kalkulator/Kalkulator/Kalkulator.runs/impl_1/kalkulator.bit} [get_hw_devices xc7z010_1]
program_hw_devices [get_hw_devices xc7z010_1]
INFO: [Labtools 27-3164] End of startup status: HIGH
refresh_hw_device [lindex [get_hw_devices xc7z010_1] 0]
INFO: [Labtools 27-1434] Device xc7z010 (JTAG device index = 1) is programmed with a design that has no supported debug core(s) in it.
WARNING: [Labtools 27-3361] The debug hub core was not detected.
Resolution: 
1. Make sure the clock connected to the debug hub (dbg_hub) core is a free running clock and is active.
2. Make sure the BSCAN_SWITCH_USER_MASK device property in Vivado Hardware Manager reflects the user scan chain setting in the design and refresh the device.  To determine the user scan chain setting in the design, open the implemented design and use 'get_property C_USER_SCAN_CHAIN [get_debug_cores dbg_hub]'.
For more details on setting the scan chain property, consult the Vivado Debug and Programming User Guide (UG908).
reset_run synth_1
WARNING: [Vivado 12-1017] Problems encountered:
1. Failed to delete one or more files in run directory C:/Users/Malwi/Dropbox/PROGR/fpga/Kalkulator/Kalkulator/Kalkulator.runs/synth_1

launch_runs impl_1 -to_step write_bitstream -jobs 2
[Fri Apr 26 01:53:09 2019] Launched synth_1...
Run output will be captured here: C:/Users/Malwi/Dropbox/PROGR/fpga/Kalkulator/Kalkulator/Kalkulator.runs/synth_1/runme.log
[Fri Apr 26 01:53:09 2019] Launched impl_1...
Run output will be captured here: C:/Users/Malwi/Dropbox/PROGR/fpga/Kalkulator/Kalkulator/Kalkulator.runs/impl_1/runme.log
reset_run synth_1
WARNING: [Vivado 12-1017] Problems encountered:
1. Failed to delete one or more files in run directory C:/Users/Malwi/Dropbox/PROGR/fpga/Kalkulator/Kalkulator/Kalkulator.runs/synth_1

launch_runs impl_1 -to_step write_bitstream -jobs 2
[Fri Apr 26 01:57:10 2019] Launched synth_1...
Run output will be captured here: C:/Users/Malwi/Dropbox/PROGR/fpga/Kalkulator/Kalkulator/Kalkulator.runs/synth_1/runme.log
[Fri Apr 26 01:57:10 2019] Launched impl_1...
Run output will be captured here: C:/Users/Malwi/Dropbox/PROGR/fpga/Kalkulator/Kalkulator/Kalkulator.runs/impl_1/runme.log
set_property PROBES.FILE {} [get_hw_devices xc7z010_1]
set_property FULL_PROBES.FILE {} [get_hw_devices xc7z010_1]
set_property PROGRAM.FILE {C:/Users/Malwi/Dropbox/PROGR/fpga/Kalkulator/Kalkulator/Kalkulator.runs/impl_1/kalkulator.bit} [get_hw_devices xc7z010_1]
program_hw_devices [get_hw_devices xc7z010_1]
INFO: [Labtools 27-3164] End of startup status: HIGH
refresh_hw_device [lindex [get_hw_devices xc7z010_1] 0]
INFO: [Labtools 27-1434] Device xc7z010 (JTAG device index = 1) is programmed with a design that has no supported debug core(s) in it.
WARNING: [Labtools 27-3361] The debug hub core was not detected.
Resolution: 
1. Make sure the clock connected to the debug hub (dbg_hub) core is a free running clock and is active.
2. Make sure the BSCAN_SWITCH_USER_MASK device property in Vivado Hardware Manager reflects the user scan chain setting in the design and refresh the device.  To determine the user scan chain setting in the design, open the implemented design and use 'get_property C_USER_SCAN_CHAIN [get_debug_cores dbg_hub]'.
For more details on setting the scan chain property, consult the Vivado Debug and Programming User Guide (UG908).
reset_run synth_1
WARNING: [Vivado 12-1017] Problems encountered:
1. Failed to delete one or more files in run directory C:/Users/Malwi/Dropbox/PROGR/fpga/Kalkulator/Kalkulator/Kalkulator.runs/synth_1

launch_runs impl_1 -to_step write_bitstream -jobs 2
[Fri Apr 26 02:07:26 2019] Launched synth_1...
Run output will be captured here: C:/Users/Malwi/Dropbox/PROGR/fpga/Kalkulator/Kalkulator/Kalkulator.runs/synth_1/runme.log
[Fri Apr 26 02:07:26 2019] Launched impl_1...
Run output will be captured here: C:/Users/Malwi/Dropbox/PROGR/fpga/Kalkulator/Kalkulator/Kalkulator.runs/impl_1/runme.log
set_property PROBES.FILE {} [get_hw_devices xc7z010_1]
set_property FULL_PROBES.FILE {} [get_hw_devices xc7z010_1]
set_property PROGRAM.FILE {C:/Users/Malwi/Dropbox/PROGR/fpga/Kalkulator/Kalkulator/Kalkulator.runs/impl_1/kalkulator.bit} [get_hw_devices xc7z010_1]
program_hw_devices [get_hw_devices xc7z010_1]
INFO: [Labtools 27-3164] End of startup status: HIGH
refresh_hw_device [lindex [get_hw_devices xc7z010_1] 0]
INFO: [Labtools 27-1434] Device xc7z010 (JTAG device index = 1) is programmed with a design that has no supported debug core(s) in it.
WARNING: [Labtools 27-3361] The debug hub core was not detected.
Resolution: 
1. Make sure the clock connected to the debug hub (dbg_hub) core is a free running clock and is active.
2. Make sure the BSCAN_SWITCH_USER_MASK device property in Vivado Hardware Manager reflects the user scan chain setting in the design and refresh the device.  To determine the user scan chain setting in the design, open the implemented design and use 'get_property C_USER_SCAN_CHAIN [get_debug_cores dbg_hub]'.
For more details on setting the scan chain property, consult the Vivado Debug and Programming User Guide (UG908).
ERROR: [Labtoolstcl 44-513] HW Target shutdown. Closing target: localhost:3121/xilinx_tcf/Digilent/210279A42D03A
exit
INFO: [Common 17-206] Exiting Vivado at Fri Apr 26 12:44:08 2019...
