srcscan starts
=============== Using vdb files for VHDL std libs ===========
INFO: The vhdl library search path for library "std" is now "C:/Xilinx/Vivado/2018.1/patches/AR70908_vivado_2018_1_preliminary_rev5/vivado/data/precomp_hsv/vhdl/std_2008" (VHDL-1505)
INFO: The vhdl library search path for library "synopsys" is now "C:/Xilinx/Vivado/2018.1/patches/AR70908_vivado_2018_1_preliminary_rev5/vivado/data/precomp_hsv/vhdl/synopsys_2008" (VHDL-1505)
INFO: The vhdl library search path for library "ieee" is now "C:/Xilinx/Vivado/2018.1/patches/AR70908_vivado_2018_1_preliminary_rev5/vivado/data/precomp_hsv/vhdl/ieee_2008" (VHDL-1505)
INFO: The vhdl library search path for library "unimacro" is now "C:/Xilinx/Vivado/2018.1/patches/AR70908_vivado_2018_1_preliminary_rev5/vivado/data/precomp_hsv/vhdl/unimacro_2008" (VHDL-1505)
INFO: The vhdl library search path for library "unisim" is now "C:/Xilinx/Vivado/2018.1/patches/AR70908_vivado_2018_1_preliminary_rev5/vivado/data/precomp_hsv/vhdl/unisim_2008" (VHDL-1505)
INFO: The vhdl library search path for library "vl" is now "C:/Xilinx/Vivado/2018.1/patches/AR70908_vivado_2018_1_preliminary_rev5/vivado/data/precomp_hsv/vhdl/vl_2008" (VHDL-1505)
INFO: The vhdl library search path for library "xpm" is now "C:/Xilinx/Vivado/2018.1/patches/AR70908_vivado_2018_1_preliminary_rev5/vivado/data/precomp_hsv/vhdl/xpm_2008" (VHDL-1505)
-- Analyzing VHDL file "C:/Users/Malwi/Dropbox/PROGR/fpga/state_machine/state_machine_components/state_machine_components.srcs/sources_1/new/counter.vhd" into library xil_defaultlib (VHDL-9003)
INFO: analyzing entity counter (VHDL-1012)
INFO: analyzing architecture Behavioral of entity counter (VHDL-9006)
-- Analyzing VHDL file "C:/Users/Malwi/Dropbox/PROGR/fpga/state_machine/state_machine_components/state_machine_components.srcs/sources_1/new/display.vhd" into library xil_defaultlib (VHDL-9003)
INFO: analyzing entity display (VHDL-1012)
INFO: analyzing architecture Behavioral of entity display (VHDL-9006)
-- Analyzing VHDL file "C:/Users/Malwi/Dropbox/PROGR/fpga/state_machine/state_machine_components/state_machine_components.srcs/sources_1/new/keypad.vhd" into library xil_defaultlib (VHDL-9003)
INFO: analyzing entity keypad (VHDL-1012)
INFO: analyzing architecture Behavioral of entity keypad (VHDL-9006)
-- Analyzing VHDL file "C:/Users/Malwi/Dropbox/PROGR/fpga/state_machine/state_machine_components/state_machine_components.srcs/sources_1/new/state_machine.vhd" into library xil_defaultlib (VHDL-9003)
INFO: analyzing entity state_machine (VHDL-1012)
INFO: analyzing architecture Behavioral of entity state_machine (VHDL-9006)
Listing tops:
VHDL top: library:xil_defaultlib entity:counter arch:
VHDL top: library:xil_defaultlib entity:counter arch:
VHDL top: library:xil_defaultlib entity:display arch:
VHDL top: library:xil_defaultlib entity:display arch:
VHDL top: library:xil_defaultlib entity:keypad arch:
VHDL top: library:xil_defaultlib entity:keypad arch:
VHDL top: library:xil_defaultlib entity:state_machine arch:
VHDL top: library:xil_defaultlib entity:state_machine arch:
END of tops
C:/Users/Malwi/Dropbox/PROGR/fpga/state_machine/state_machine_components/state_machine_components.srcs/sources_1/new/counter.vhd(34): INFO: executing counter(Behavioral) (VHDL-1067)
C:/Users/Malwi/Dropbox/PROGR/fpga/state_machine/state_machine_components/state_machine_components.srcs/sources_1/new/display.vhd(34): INFO: executing display(Behavioral) (VHDL-1067)
C:/Users/Malwi/Dropbox/PROGR/fpga/state_machine/state_machine_components/state_machine_components.srcs/sources_1/new/keypad.vhd(34): INFO: executing keypad(Behavioral) (VHDL-1067)
C:/Users/Malwi/Dropbox/PROGR/fpga/state_machine/state_machine_components/state_machine_components.srcs/sources_1/new/state_machine.vhd(34): INFO: executing state_machine(Behavioral) (VHDL-1067)
srcscan exits with return value 0
