#-----------------------------------------------------------
# Vivado v2018.1_AR70908 (64-bit)
# SW Build 2188600 on Wed Apr  4 18:40:38 MDT 2018
# IP Build 2185939 on Wed Apr  4 20:55:05 MDT 2018
# Start of session at: Sun Apr 21 11:58:29 2019
# Process ID: 5264
# Current directory: C:/Users/Malwi/Dropbox/PROGR/fpga/state_machine/state_machine
# Command line: vivado.exe -gui_launcher_event rodinguilauncherevent12668 C:\Users\Malwi\Dropbox\PROGR\fpga\state_machine\state_machine\state_machine_local_project.xpr
# Log file: C:/Users/Malwi/Dropbox/PROGR/fpga/state_machine/state_machine/vivado.log
# Journal file: C:/Users/Malwi/Dropbox/PROGR/fpga/state_machine/state_machine\vivado.jou
#-----------------------------------------------------------
start_gui
open_project C:/Users/Malwi/Dropbox/PROGR/fpga/state_machine/state_machine/state_machine_local_project.xpr
Scanning sources...
Finished scanning sources
INFO: [IP_Flow 19-2313] Loaded Vivado IP repository 'C:/Xilinx/Vivado/2018.1/data/ip'.
open_project: Time (s): cpu = 00:00:24 ; elapsed = 00:00:43 . Memory (MB): peak = 787.031 ; gain = 107.117
update_compile_order -fileset sources_1
launch_runs impl_1 -to_step write_bitstream -jobs 2
[Sun Apr 21 12:01:51 2019] Launched impl_1...
Run output will be captured here: C:/Users/Malwi/Dropbox/PROGR/fpga/state_machine/state_machine/state_machine_local_project.runs/impl_1/runme.log
exit
INFO: [Common 17-206] Exiting Vivado at Sun Apr 21 17:07:25 2019...
